# JRE version: OpenJDK Runtime Environment Temurin-17.0.12+7 (17.0.12+7) (build 17.0.12+7)
# Java VM: OpenJDK 64-Bit Server VM Temurin-17.0.12+7 (17.0.12+7, mixed mode, tiered, compressed oops, compressed class ptrs, parallel gc, windows-amd64)
GC Precious Log:
 CPUs: 2 total, 2 available
 Memory: 3935M
 Large Page Support: Disabled
 NUMA Support: Disabled
 Compressed Oops: Enabled (32-bit)
 Alignments: Space 512K, Generation 512K, Heap 2M
 Heap Min Capacity: 100M
 Heap Initial Capacity: 100M
 Heap Max Capacity: 1G
 Pre-touch: Disabled
 Parallel Workers: 2
Heap:
 PSYoungGen      total 94208K, used 93821K [0x00000000eab00000, 0x00000000f1a80000, 0x0000000100000000)
  eden space 74240K, 100% used [0x00000000eab00000,0x00000000ef380000,0x00000000ef380000)
  from space 19968K, 98% used [0x00000000ef500000,0x00000000f081f530,0x00000000f0880000)
  to   space 18432K, 52% used [0x00000000f0880000,0x00000000f12022f0,0x00000000f1a80000)
 ParOldGen       total 325120K, used 217957K [0x00000000c0000000, 0x00000000d3d80000, 0x00000000eab00000)
  object space 325120K, 67% used [0x00000000c0000000,0x00000000cd4d94a8,0x00000000d3d80000)
 Metaspace       used 82688K, committed 83968K, reserved 1179648K
  class space    used 8661K, committed 9216K, reserved 1048576K
GC Heap History (20 events):
Event: 3247.052 GC heap after
{Heap after GC invocations=193 (full 14):
 PSYoungGen      total 70656K, used 18942K [0x00000000eab00000, 0x00000000f2080000, 0x0000000100000000)
  eden space 51712K, 0% used [0x00000000eab00000,0x00000000eab00000,0x00000000edd80000)
  from space 18944K, 99% used [0x00000000edd80000,0x00000000eefffbb8,0x00000000ef000000)
  to   space 33280K, 0% used [0x00000000f0000000,0x00000000f0000000,0x00000000f2080000)
 ParOldGen       total 297984K, used 297945K [0x00000000c0000000, 0x00000000d2300000, 0x00000000eab00000)
  object space 297984K, 99% used [0x00000000c0000000,0x00000000d22f6438,0x00000000d2300000)
 Metaspace       used 74472K, committed 75968K, reserved 1179648K
  class space    used 7736K, committed 8320K, reserved 1048576K
}
Event: 3247.052 GC heap before
{Heap before GC invocations=194 (full 15):
 PSYoungGen      total 70656K, used 18942K [0x00000000eab00000, 0x00000000f2080000, 0x0000000100000000)
  eden space 51712K, 0% used [0x00000000eab00000,0x00000000eab00000,0x00000000edd80000)
  from space 18944K, 99% used [0x00000000edd80000,0x00000000eefffbb8,0x00000000ef000000)
  to   space 33280K, 0% used [0x00000000f0000000,0x00000000f0000000,0x00000000f2080000)
 ParOldGen       total 297984K, used 297945K [0x00000000c0000000, 0x00000000d2300000, 0x00000000eab00000)
  object space 297984K, 99% used [0x00000000c0000000,0x00000000d22f6438,0x00000000d2300000)
 Metaspace       used 74472K, committed 75968K, reserved 1179648K
  class space    used 7736K, committed 8320K, reserved 1048576K
}
Event: 3247.871 GC heap after
{Heap after GC invocations=194 (full 15):
 PSYoungGen      total 70656K, used 13723K [0x00000000eab00000, 0x00000000f2300000, 0x0000000100000000)
  eden space 51712K, 0% used [0x00000000eab00000,0x00000000eab00000,0x00000000edd80000)
  from space 18944K, 72% used [0x00000000edd80000,0x00000000eeae6eb8,0x00000000ef000000)
  to   space 33280K, 0% used [0x00000000f0280000,0x00000000f0280000,0x00000000f2300000)
 ParOldGen       total 382464K, used 297922K [0x00000000c0000000, 0x00000000d7580000, 0x00000000eab00000)
  object space 382464K, 77% used [0x00000000c0000000,0x00000000d22f0808,0x00000000d7580000)
 Metaspace       used 74472K, committed 75968K, reserved 1179648K
  class space    used 7736K, committed 8320K, reserved 1048576K
}
Event: 3248.020 GC heap before
{Heap before GC invocations=195 (full 15):
 PSYoungGen      total 70656K, used 65435K [0x00000000eab00000, 0x00000000f2300000, 0x0000000100000000)
  eden space 51712K, 100% used [0x00000000eab00000,0x00000000edd80000,0x00000000edd80000)
  from space 18944K, 72% used [0x00000000edd80000,0x00000000eeae6eb8,0x00000000ef000000)
  to   space 33280K, 0% used [0x00000000f0280000,0x00000000f0280000,0x00000000f2300000)
 ParOldGen       total 382464K, used 297922K [0x00000000c0000000, 0x00000000d7580000, 0x00000000eab00000)
  object space 382464K, 77% used [0x00000000c0000000,0x00000000d22f0808,0x00000000d7580000)
 Metaspace       used 74472K, committed 75968K, reserved 1179648K
  class space    used 7736K, committed 8320K, reserved 1048576K
}
Event: 3248.159 GC heap after
{Heap after GC invocations=195 (full 15):
 PSYoungGen      total 82432K, used 26070K [0x00000000eab00000, 0x00000000f1c00000, 0x0000000100000000)
  eden space 56320K, 0% used [0x00000000eab00000,0x00000000eab00000,0x00000000ee200000)
  from space 26112K, 99% used [0x00000000f0280000,0x00000000f1bf5a08,0x00000000f1c00000)
  to   space 28160K, 0% used [0x00000000ee500000,0x00000000ee500000,0x00000000f0080000)
 ParOldGen       total 382464K, used 305451K [0x00000000c0000000, 0x00000000d7580000, 0x00000000eab00000)
  object space 382464K, 79% used [0x00000000c0000000,0x00000000d2a4ae38,0x00000000d7580000)
 Metaspace       used 74472K, committed 75968K, reserved 1179648K
  class space    used 7736K, committed 8320K, reserved 1048576K
}
Event: 3250.572 GC heap before
{Heap before GC invocations=196 (full 15):
 PSYoungGen      total 82432K, used 82390K [0x00000000eab00000, 0x00000000f1c00000, 0x0000000100000000)
  eden space 56320K, 100% used [0x00000000eab00000,0x00000000ee200000,0x00000000ee200000)
  from space 26112K, 99% used [0x00000000f0280000,0x00000000f1bf5a08,0x00000000f1c00000)
  to   space 28160K, 0% used [0x00000000ee500000,0x00000000ee500000,0x00000000f0080000)
 ParOldGen       total 382464K, used 305451K [0x00000000c0000000, 0x00000000d7580000, 0x00000000eab00000)
  object space 382464K, 79% used [0x00000000c0000000,0x00000000d2a4ae38,0x00000000d7580000)
 Metaspace       used 74482K, committed 75968K, reserved 1179648K
  class space    used 7736K, committed 8320K, reserved 1048576K
}
Event: 3250.687 GC heap after
{Heap after GC invocations=196 (full 15):
 PSYoungGen      total 87552K, used 28131K [0x00000000eab00000, 0x00000000f6080000, 0x0000000100000000)
  eden space 59392K, 0% used [0x00000000eab00000,0x00000000eab00000,0x00000000ee500000)
  from space 28160K, 99% used [0x00000000ee500000,0x00000000f0078d10,0x00000000f0080000)
  to   space 62464K, 0% used [0x00000000f2380000,0x00000000f2380000,0x00000000f6080000)
 ParOldGen       total 382464K, used 334146K [0x00000000c0000000, 0x00000000d7580000, 0x00000000eab00000)
  object space 382464K, 87% used [0x00000000c0000000,0x00000000d4650808,0x00000000d7580000)
 Metaspace       used 74482K, committed 75968K, reserved 1179648K
  class space    used 7736K, committed 8320K, reserved 1048576K
}
Event: 3256.692 GC heap before
{Heap before GC invocations=197 (full 15):
 PSYoungGen      total 87552K, used 87523K [0x00000000eab00000, 0x00000000f6080000, 0x0000000100000000)
  eden space 59392K, 100% used [0x00000000eab00000,0x00000000ee500000,0x00000000ee500000)
  from space 28160K, 99% used [0x00000000ee500000,0x00000000f0078d10,0x00000000f0080000)
  to   space 62464K, 0% used [0x00000000f2380000,0x00000000f2380000,0x00000000f6080000)
 ParOldGen       total 382464K, used 334146K [0x00000000c0000000, 0x00000000d7580000, 0x00000000eab00000)
  object space 382464K, 87% used [0x00000000c0000000,0x00000000d4650808,0x00000000d7580000)
 Metaspace       used 75463K, committed 76608K, reserved 1179648K
  class space    used 7855K, committed 8384K, reserved 1048576K
}
Event: 3256.814 GC heap after
{Heap after GC invocations=197 (full 15):
 PSYoungGen      total 92672K, used 29053K [0x00000000eab00000, 0x00000000f4000000, 0x0000000100000000)
  eden space 63488K, 0% used [0x00000000eab00000,0x00000000eab00000,0x00000000ee900000)
  from space 29184K, 99% used [0x00000000f2380000,0x00000000f3fdf508,0x00000000f4000000)
  to   space 39424K, 0% used [0x00000000ef300000,0x00000000ef300000,0x00000000f1980000)
 ParOldGen       total 382464K, used 358933K [0x00000000c0000000, 0x00000000d7580000, 0x00000000eab00000)
  object space 382464K, 93% used [0x00000000c0000000,0x00000000d5e85690,0x00000000d7580000)
 Metaspace       used 75463K, committed 76608K, reserved 1179648K
  class space    used 7855K, committed 8384K, reserved 1048576K
}
Event: 3256.814 GC heap before
{Heap before GC invocations=198 (full 16):
 PSYoungGen      total 92672K, used 29053K [0x00000000eab00000, 0x00000000f4000000, 0x0000000100000000)
  eden space 63488K, 0% used [0x00000000eab00000,0x00000000eab00000,0x00000000ee900000)
  from space 29184K, 99% used [0x00000000f2380000,0x00000000f3fdf508,0x00000000f4000000)
  to   space 39424K, 0% used [0x00000000ef300000,0x00000000ef300000,0x00000000f1980000)
 ParOldGen       total 382464K, used 358933K [0x00000000c0000000, 0x00000000d7580000, 0x00000000eab00000)
  object space 382464K, 93% used [0x00000000c0000000,0x00000000d5e85690,0x00000000d7580000)
 Metaspace       used 75463K, committed 76608K, reserved 1179648K
  class space    used 7855K, committed 8384K, reserved 1048576K
}
Event: 3257.162 GC heap after
{Heap after GC invocations=198 (full 16):
 PSYoungGen      total 69120K, used 0K [0x00000000eab00000, 0x00000000f3b00000, 0x0000000100000000)
  eden space 68608K, 0% used [0x00000000eab00000,0x00000000eab00000,0x00000000eee00000)
  from space 512K, 0% used [0x00000000ef300000,0x00000000ef300000,0x00000000ef380000)
  to   space 39424K, 0% used [0x00000000f1480000,0x00000000f1480000,0x00000000f3b00000)
 ParOldGen       total 325120K, used 216673K [0x00000000c0000000, 0x00000000d3d80000, 0x00000000eab00000)
  object space 325120K, 66% used [0x00000000c0000000,0x00000000cd398590,0x00000000d3d80000)
 Metaspace       used 75463K, committed 76608K, reserved 1179648K
  class space    used 7855K, committed 8384K, reserved 1048576K
}
Event: 3263.078 GC heap before
{Heap before GC invocations=199 (full 16):
 PSYoungGen      total 69120K, used 68608K [0x00000000eab00000, 0x00000000f3b00000, 0x0000000100000000)
  eden space 68608K, 100% used [0x00000000eab00000,0x00000000eee00000,0x00000000eee00000)
  from space 512K, 0% used [0x00000000ef300000,0x00000000ef300000,0x00000000ef380000)
  to   space 39424K, 0% used [0x00000000f1480000,0x00000000f1480000,0x00000000f3b00000)
 ParOldGen       total 325120K, used 216673K [0x00000000c0000000, 0x00000000d3d80000, 0x00000000eab00000)
  object space 325120K, 66% used [0x00000000c0000000,0x00000000cd398590,0x00000000d3d80000)
 Metaspace       used 75723K, committed 76864K, reserved 1179648K
  class space    used 7881K, committed 8384K, reserved 1048576K
}
Event: 3263.159 GC heap after
{Heap after GC invocations=199 (full 16):
 PSYoungGen      total 91648K, used 18304K [0x00000000eab00000, 0x00000000f2680000, 0x0000000100000000)
  eden space 73216K, 0% used [0x00000000eab00000,0x00000000eab00000,0x00000000ef280000)
  from space 18432K, 99% used [0x00000000f1480000,0x00000000f2660220,0x00000000f2680000)
  to   space 24064K, 0% used [0x00000000ef780000,0x00000000ef780000,0x00000000f0f00000)
 ParOldGen       total 325120K, used 216681K [0x00000000c0000000, 0x00000000d3d80000, 0x00000000eab00000)
  object space 325120K, 66% used [0x00000000c0000000,0x00000000cd39a590,0x00000000d3d80000)
 Metaspace       used 75723K, committed 76864K, reserved 1179648K
  class space    used 7881K, committed 8384K, reserved 1048576K
}
Event: 3271.871 GC heap before
{Heap before GC invocations=200 (full 16):
 PSYoungGen      total 91648K, used 91520K [0x00000000eab00000, 0x00000000f2680000, 0x0000000100000000)
  eden space 73216K, 100% used [0x00000000eab00000,0x00000000ef280000,0x00000000ef280000)
  from space 18432K, 99% used [0x00000000f1480000,0x00000000f2660220,0x00000000f2680000)
  to   space 24064K, 0% used [0x00000000ef780000,0x00000000ef780000,0x00000000f0f00000)
 ParOldGen       total 325120K, used 216681K [0x00000000c0000000, 0x00000000d3d80000, 0x00000000eab00000)
  object space 325120K, 66% used [0x00000000c0000000,0x00000000cd39a590,0x00000000d3d80000)
 Metaspace       used 76537K, committed 77696K, reserved 1179648K
  class space    used 7947K, committed 8384K, reserved 1048576K
}
Event: 3271.918 GC heap after
{Heap after GC invocations=200 (full 16):
 PSYoungGen      total 96256K, used 18592K [0x00000000eab00000, 0x00000000f1c80000, 0x0000000100000000)
  eden space 77312K, 0% used [0x00000000eab00000,0x00000000eab00000,0x00000000ef680000)
  from space 18944K, 98% used [0x00000000ef780000,0x00000000f09a83a0,0x00000000f0a00000)
  to   space 18944K, 0% used [0x00000000f0a00000,0x00000000f0a00000,0x00000000f1c80000)
 ParOldGen       total 325120K, used 216689K [0x00000000c0000000, 0x00000000d3d80000, 0x00000000eab00000)
  object space 325120K, 66% used [0x00000000c0000000,0x00000000cd39c590,0x00000000d3d80000)
 Metaspace       used 76537K, committed 77696K, reserved 1179648K
  class space    used 7947K, committed 8384K, reserved 1048576K
}
Event: 3316.311 GC heap before
{Heap before GC invocations=201 (full 16):
 PSYoungGen      total 96256K, used 95835K [0x00000000eab00000, 0x00000000f1c80000, 0x0000000100000000)
  eden space 77312K, 99% used [0x00000000eab00000,0x00000000ef66e948,0x00000000ef680000)
  from space 18944K, 98% used [0x00000000ef780000,0x00000000f09a83a0,0x00000000f0a00000)
  to   space 18944K, 0% used [0x00000000f0a00000,0x00000000f0a00000,0x00000000f1c80000)
 ParOldGen       total 325120K, used 216689K [0x00000000c0000000, 0x00000000d3d80000, 0x00000000eab00000)
  object space 325120K, 66% used [0x00000000c0000000,0x00000000cd39c590,0x00000000d3d80000)
 Metaspace       used 80663K, committed 81984K, reserved 1179648K
  class space    used 8409K, committed 8960K, reserved 1048576K
}
Event: 3316.363 GC heap after
{Heap after GC invocations=201 (full 16):
 PSYoungGen      total 94720K, used 18934K [0x00000000eab00000, 0x00000000f1e00000, 0x0000000100000000)
  eden space 75776K, 0% used [0x00000000eab00000,0x00000000eab00000,0x00000000ef500000)
  from space 18944K, 99% used [0x00000000f0a00000,0x00000000f1c7d8a0,0x00000000f1c80000)
  to   space 20992K, 0% used [0x00000000ef500000,0x00000000ef500000,0x00000000f0980000)
 ParOldGen       total 325120K, used 217957K [0x00000000c0000000, 0x00000000d3d80000, 0x00000000eab00000)
  object space 325120K, 67% used [0x00000000c0000000,0x00000000cd4d94a8,0x00000000d3d80000)
 Metaspace       used 80663K, committed 81984K, reserved 1179648K
  class space    used 8409K, committed 8960K, reserved 1048576K
}
Event: 6215.457 GC heap before
{Heap before GC invocations=202 (full 16):
 PSYoungGen      total 94720K, used 94710K [0x00000000eab00000, 0x00000000f1e00000, 0x0000000100000000)
  eden space 75776K, 100% used [0x00000000eab00000,0x00000000ef500000,0x00000000ef500000)
  from space 18944K, 99% used [0x00000000f0a00000,0x00000000f1c7d8a0,0x00000000f1c80000)
  to   space 20992K, 0% used [0x00000000ef500000,0x00000000ef500000,0x00000000f0980000)
 ParOldGen       total 325120K, used 217957K [0x00000000c0000000, 0x00000000d3d80000, 0x00000000eab00000)
  object space 325120K, 67% used [0x00000000c0000000,0x00000000cd4d94a8,0x00000000d3d80000)
 Metaspace       used 80805K, committed 82112K, reserved 1179648K
  class space    used 8415K, committed 8960K, reserved 1048576K
}
Event: 6216.205 GC heap after
{Heap after GC invocations=202 (full 16):
 PSYoungGen      total 94208K, used 19581K [0x00000000eab00000, 0x00000000f1a80000, 0x0000000100000000)
  eden space 74240K, 0% used [0x00000000eab00000,0x00000000eab00000,0x00000000ef380000)
  from space 19968K, 98% used [0x00000000ef500000,0x00000000f081f530,0x00000000f0880000)
  to   space 18432K, 0% used [0x00000000f0880000,0x00000000f0880000,0x00000000f1a80000)
 ParOldGen       total 325120K, used 217957K [0x00000000c0000000, 0x00000000d3d80000, 0x00000000eab00000)
  object space 325120K, 67% used [0x00000000c0000000,0x00000000cd4d94a8,0x00000000d3d80000)
 Metaspace       used 80805K, committed 82112K, reserved 1179648K
  class space    used 8415K, committed 8960K, reserved 1048576K
}
Event: 10554.953 GC heap before
{Heap before GC invocations=203 (full 16):
 PSYoungGen      total 94208K, used 93821K [0x00000000eab00000, 0x00000000f1a80000, 0x0000000100000000)
  eden space 74240K, 100% used [0x00000000eab00000,0x00000000ef380000,0x00000000ef380000)
  from space 19968K, 98% used [0x00000000ef500000,0x00000000f081f530,0x00000000f0880000)
  to   space 18432K, 0% used [0x00000000f0880000,0x00000000f0880000,0x00000000f1a80000)
 ParOldGen       total 325120K, used 217957K [0x00000000c0000000, 0x00000000d3d80000, 0x00000000eab00000)
  object space 325120K, 67% used [0x00000000c0000000,0x00000000cd4d94a8,0x00000000d3d80000)
 Metaspace       used 82688K, committed 83968K, reserved 1179648K
  class space    used 8661K, committed 9216K, reserved 1048576K
}

